#
# There is insufficient memory for the Java Runtime Environment to continue.
# Native memory allocation (malloc) failed to allocate 1048576 bytes for AllocateHeap
# Possible reasons:
#   The system is out of physical RAM or swap space
#   The process is running with CompressedOops enabled, and the Java Heap may be blocking the growth of the native heap
# Possible solutions:
#   Reduce memory load on the system
#   Increase physical memory or swap space
#   Check if swap backing store is full
#   Decrease Java heap size (-Xmx/-Xms)
#   Decrease number of Java threads
#   Decrease Java thread stack sizes (-Xss)
#   Set larger code cache with -XX:ReservedCodeCacheSize=
#   JVM is running with Unscaled Compressed Oops mode in which the Java heap is
#     placed in the first 4GB address space. The Java Heap base address is the
#     maximum limit for the native heap growth. Please use -XX:HeapBaseMinAddress
#     to set the Java Heap base and to place the Java Heap above 4GB virtual address.
# This output file may be truncated or incomplete.
#
#  Out of Memory Error (./open/src/hotspot/share/memory/allocation.cpp:46), pid=10388, tid=752
#
# JRE version: Java(TM) SE Runtime Environment 18.9 (11.0.13+10) (build 11.0.13+10-LTS-370)
# Java VM: Java HotSpot(TM) 64-Bit Server VM 18.9 (11.0.13+10-LTS-370, mixed mode, tiered, compressed oops, g1 gc, windows-amd64)
# No core dump will be written. Minidumps are not enabled by default on client versions of Windows
#

---------------  S U M M A R Y ------------

Command Line: -Xverify:none -XX:TieredStopAtLevel=1 com.result_processor.data.ResultProcessorApp

Host: Intel(R) Xeon(R) Platinum 8272CL CPU @ 2.60GHz, 2 cores, 7G,  Windows 10 , 64 bit Build 19041 (10.0.19041.1706)
Time: Sun Jun 12 06:22:19 2022 Coordinated Universal Time elapsed time: 1.352051 seconds (0d 0h 0m 1s)

---------------  T H R E A D  ---------------

Current thread (0x000002283ded0800):  VMThread "VM Thread" [stack: 0x00000072ff700000,0x00000072ff800000] [id=752]

Stack: [0x00000072ff700000,0x00000072ff800000]
[error occurred during error reporting (printing stack bounds), id 0xc0000005, EXCEPTION_ACCESS_VIOLATION (0xc0000005) at pc=0x0000022827ac10e7]

Native frames: (J=compiled Java code, j=interpreted, Vv=VM code, C=native code)
V  [jvm.dll+0x62870a]
V  [jvm.dll+0x761f2f]
V  [jvm.dll+0x7635d9]
V  [jvm.dll+0x763bc5]
V  [jvm.dll+0x763b7b]
V  [jvm.dll+0x627c53]
V  [jvm.dll+0x628308]
C  [ntdll.dll+0xa209f]
C  [ntdll.dll+0x51454]
C  [ntdll.dll+0xa0bce]
C  0x0000022827ac10e7

VM_Operation (0x00000072ff0fc230): CollectForMetadataAllocation, mode: safepoint, requested by thread 0x000002281ecaf800


---------------  P R O C E S S  ---------------

Threads class SMR info:
_java_thread_list=0x000002284019cb30, length=9, elements={
0x000002281ecaf800, 0x000002283ded4800, 0x000002283dede800, 0x000002283def5000,
0x000002283def8000, 0x000002283defa800, 0x000002283defd800, 0x000002283df03000,
0x000002283e983000
}

Java Threads: ( => current thread )
  0x000002281ecaf800 JavaThread "main" [_thread_blocked, id=11304, stack(0x00000072ff000000,0x00000072ff100000)]
  0x000002283ded4800 JavaThread "Reference Handler" daemon [_thread_blocked, id=11588, stack(0x00000072ff800000,0x00000072ff900000)]
  0x000002283dede800 JavaThread "Finalizer" daemon [_thread_blocked, id=11808, stack(0x00000072ff900000,0x00000072ffa00000)]
  0x000002283def5000 JavaThread "Signal Dispatcher" daemon [_thread_blocked, id=4000, stack(0x00000072ffa00000,0x00000072ffb00000)]
  0x000002283def8000 JavaThread "Attach Listener" daemon [_thread_blocked, id=5612, stack(0x00000072ffb00000,0x00000072ffc00000)]
  0x000002283defa800 JavaThread "Service Thread" daemon [_thread_blocked, id=9268, stack(0x00000072ffc00000,0x00000072ffd00000)]
  0x000002283defd800 JavaThread "C1 CompilerThread0" daemon [_thread_blocked, id=13256, stack(0x00000072ffd00000,0x00000072ffe00000)]
  0x000002283df03000 JavaThread "Sweeper thread" daemon [_thread_blocked, id=6124, stack(0x00000072ffe00000,0x00000072fff00000)]
  0x000002283e983000 JavaThread "Common-Cleaner" daemon [_thread_blocked, id=5412, stack(0x0000007280000000,0x0000007280100000)]

Other Threads:
=>0x000002283ded0800 VMThread "VM Thread" [stack: 0x00000072ff700000,0x00000072ff800000] [id=752]
  0x000002283e981800 WatcherThread [stack: 0x00000072fff00000,0x0000007300000000] [id=8280]
  0x000002281ecc5000 GCTaskThread "GC Thread#0" [stack: 0x00000072ff200000,0x00000072ff300000] [id=6172]
  0x000002283ed51800 GCTaskThread "GC Thread#1" [stack: 0x0000007280100000,0x0000007280200000] [id=10804]
  0x000002281ecf5000 ConcurrentGCThread "G1 Main Marker" [stack: 0x00000072ff300000,0x00000072ff400000] [id=2092]
  0x000002281ecf6800 ConcurrentGCThread "G1 Conc#0" [stack: 0x00000072ff400000,0x00000072ff500000] [id=2696]
  0x000002281ed7e800 ConcurrentGCThread "G1 Refine#0" [stack: 0x00000072ff500000,0x00000072ff600000] [id=13048]
  0x000002281ed7f800 ConcurrentGCThread "G1 Young RemSet Sampling" [stack: 0x00000072ff600000,0x00000072ff700000] [id=10996]

Threads with active compile tasks:

VM state:at safepoint (normal execution)

VM Mutex/Monitor currently owned by a thread:  ([mutex/lock_event])
[0x000002281ecabd90] Threads_lock - owner thread: 0x000002283ded0800
[0x000002281ecabeb0] Heap_lock - owner thread: 0x000002281ecaf800

Heap address: 0x0000000080000000, size: 2048 MB, Compressed Oops mode: 32-bit
Narrow klass base: 0x0000000000000000, Narrow klass shift: 3
Compressed class space size: 1073741824 Address: 0x0000000100000000

Heap:
 garbage-first heap   total 169984K, used 8758K [0x0000000080000000, 0x0000000100000000)
  region size 1024K, 3 young (3072K), 3 survivors (3072K)
 Metaspace       used 19994K, capacity 20495K, committed 20608K, reserved 1075200K
  class space    used 2332K, capacity 2575K, committed 2688K, reserved 1048576K
Heap Regions: E=young(eden), S=young(survivor), O=old, HS=humongous(starts), HC=humongous(continues), CS=collection set, F=free, A=archive, TAMS=top-at-mark-start (previous, next)
|   0|0x0000000080000000, 0x0000000080100000, 0x0000000080100000|100%|HS|  |TAMS 0x0000000080000000, 0x0000000080100000| Complete 
|   1|0x0000000080100000, 0x0000000080200000, 0x0000000080200000|100%| O|  |TAMS 0x0000000080100000, 0x0000000080200000| Untracked 
|   2|0x0000000080200000, 0x0000000080300000, 0x0000000080300000|100%| O|  |TAMS 0x0000000080200000, 0x0000000080300000| Untracked 
|   3|0x0000000080300000, 0x0000000080400000, 0x0000000080400000|100%| O|  |TAMS 0x0000000080300000, 0x0000000080400000| Untracked 
|   4|0x0000000080400000, 0x0000000080500000, 0x0000000080500000|100%| O|  |TAMS 0x0000000080400000, 0x0000000080500000| Untracked 
|   5|0x0000000080500000, 0x00000000805afa00, 0x0000000080600000| 68%| O|  |TAMS 0x0000000080500000, 0x00000000805afa00| Untracked 
|   6|0x0000000080600000, 0x0000000080600000, 0x0000000080700000|  0%| F|  |TAMS 0x0000000080600000, 0x0000000080600000| Untracked 
|   7|0x0000000080700000, 0x0000000080700000, 0x0000000080800000|  0%| F|  |TAMS 0x0000000080700000, 0x0000000080700000| Untracked 
|   8|0x0000000080800000, 0x0000000080800000, 0x0000000080900000|  0%| F|  |TAMS 0x0000000080800000, 0x0000000080800000| Untracked 
|   9|0x0000000080900000, 0x0000000080900000, 0x0000000080a00000|  0%| F|  |TAMS 0x0000000080900000, 0x0000000080900000| Untracked 
|  10|0x0000000080a00000, 0x0000000080a00000, 0x0000000080b00000|  0%| F|  |TAMS 0x0000000080a00000, 0x0000000080a00000| Untracked 
|  11|0x0000000080b00000, 0x0000000080b00000, 0x0000000080c00000|  0%| F|  |TAMS 0x0000000080b00000, 0x0000000080b00000| Untracked 
|  12|0x0000000080c00000, 0x0000000080c00000, 0x0000000080d00000|  0%| F|  |TAMS 0x0000000080c00000, 0x0000000080c00000| Untracked 
|  13|0x0000000080d00000, 0x0000000080d00000, 0x0000000080e00000|  0%| F|  |TAMS 0x0000000080d00000, 0x0000000080d00000| Untracked 
|  14|0x0000000080e00000, 0x0000000080e00000, 0x0000000080f00000|  0%| F|  |TAMS 0x0000000080e00000, 0x0000000080e00000| Untracked 
|  15|0x0000000080f00000, 0x0000000080f00000, 0x0000000081000000|  0%| F|  |TAMS 0x0000000080f00000, 0x0000000080f00000| Untracked 
|  16|0x0000000081000000, 0x0000000081000000, 0x0000000081100000|  0%| F|  |TAMS 0x0000000081000000, 0x0000000081000000| Untracked 
|  17|0x0000000081100000, 0x0000000081100000, 0x0000000081200000|  0%| F|  |TAMS 0x0000000081100000, 0x0000000081100000| Untracked 
|  18|0x0000000081200000, 0x0000000081200000, 0x0000000081300000|  0%| F|  |TAMS 0x0000000081200000, 0x0000000081200000| Untracked 
|  19|0x0000000081300000, 0x0000000081300000, 0x0000000081400000|  0%| F|  |TAMS 0x0000000081300000, 0x0000000081300000| Untracked 
|  20|0x0000000081400000, 0x0000000081400000, 0x0000000081500000|  0%| F|  |TAMS 0x0000000081400000, 0x0000000081400000| Untracked 
|  21|0x0000000081500000, 0x0000000081500000, 0x0000000081600000|  0%| F|  |TAMS 0x0000000081500000, 0x0000000081500000| Untracked 
|  22|0x0000000081600000, 0x0000000081600000, 0x0000000081700000|  0%| F|  |TAMS 0x0000000081600000, 0x0000000081600000| Untracked 
|  23|0x0000000081700000, 0x0000000081700000, 0x0000000081800000|  0%| F|  |TAMS 0x0000000081700000, 0x0000000081700000| Untracked 
|  24|0x0000000081800000, 0x0000000081800000, 0x0000000081900000|  0%| F|  |TAMS 0x0000000081800000, 0x0000000081800000| Untracked 
|  25|0x0000000081900000, 0x0000000081900000, 0x0000000081a00000|  0%| F|  |TAMS 0x0000000081900000, 0x0000000081900000| Untracked 
|  26|0x0000000081a00000, 0x0000000081a00000, 0x0000000081b00000|  0%| F|  |TAMS 0x0000000081a00000, 0x0000000081a00000| Untracked 
|  27|0x0000000081b00000, 0x0000000081b00000, 0x0000000081c00000|  0%| F|  |TAMS 0x0000000081b00000, 0x0000000081b00000| Untracked 
|  28|0x0000000081c00000, 0x0000000081c00000, 0x0000000081d00000|  0%| F|  |TAMS 0x0000000081c00000, 0x0000000081c00000| Untracked 
|  29|0x0000000081d00000, 0x0000000081d00000, 0x0000000081e00000|  0%| F|  |TAMS 0x0000000081d00000, 0x0000000081d00000| Untracked 
|  30|0x0000000081e00000, 0x0000000081e00000, 0x0000000081f00000|  0%| F|  |TAMS 0x0000000081e00000, 0x0000000081e00000| Untracked 
|  31|0x0000000081f00000, 0x0000000081f00000, 0x0000000082000000|  0%| F|  |TAMS 0x0000000081f00000, 0x0000000081f00000| Untracked 
|  32|0x0000000082000000, 0x0000000082000000, 0x0000000082100000|  0%| F|  |TAMS 0x0000000082000000, 0x0000000082000000| Untracked 
|  33|0x0000000082100000, 0x0000000082100000, 0x0000000082200000|  0%| F|  |TAMS 0x0000000082100000, 0x0000000082100000| Untracked 
|  34|0x0000000082200000, 0x0000000082200000, 0x0000000082300000|  0%| F|  |TAMS 0x0000000082200000, 0x0000000082200000| Untracked 
|  35|0x0000000082300000, 0x0000000082300000, 0x0000000082400000|  0%| F|  |TAMS 0x0000000082300000, 0x0000000082300000| Untracked 
|  36|0x0000000082400000, 0x0000000082400000, 0x0000000082500000|  0%| F|  |TAMS 0x0000000082400000, 0x0000000082400000| Untracked 
|  37|0x0000000082500000, 0x0000000082500000, 0x0000000082600000|  0%| F|  |TAMS 0x0000000082500000, 0x0000000082500000| Untracked 
|  38|0x0000000082600000, 0x0000000082600000, 0x0000000082700000|  0%| F|  |TAMS 0x0000000082600000, 0x0000000082600000| Untracked 
|  39|0x0000000082700000, 0x0000000082700000, 0x0000000082800000|  0%| F|  |TAMS 0x0000000082700000, 0x0000000082700000| Untracked 
|  40|0x0000000082800000, 0x0000000082800000, 0x0000000082900000|  0%| F|  |TAMS 0x0000000082800000, 0x0000000082800000| Untracked 
|  41|0x0000000082900000, 0x0000000082900000, 0x0000000082a00000|  0%| F|  |TAMS 0x0000000082900000, 0x0000000082900000| Untracked 
|  42|0x0000000082a00000, 0x0000000082a00000, 0x0000000082b00000|  0%| F|  |TAMS 0x0000000082a00000, 0x0000000082a00000| Untracked 
|  43|0x0000000082b00000, 0x0000000082b00000, 0x0000000082c00000|  0%| F|  |TAMS 0x0000000082b00000, 0x0000000082b00000| Untracked 
|  44|0x0000000082c00000, 0x0000000082c00000, 0x0000000082d00000|  0%| F|  |TAMS 0x0000000082c00000, 0x0000000082c00000| Untracked 
|  45|0x0000000082d00000, 0x0000000082d00000, 0x0000000082e00000|  0%| F|  |TAMS 0x0000000082d00000, 0x0000000082d00000| Untracked 
|  46|0x0000000082e00000, 0x0000000082e00000, 0x0000000082f00000|  0%| F|  |TAMS 0x0000000082e00000, 0x0000000082e00000| Untracked 
|  47|0x0000000082f00000, 0x0000000082f00000, 0x0000000083000000|  0%| F|  |TAMS 0x0000000082f00000, 0x0000000082f00000| Untracked 
|  48|0x0000000083000000, 0x0000000083000000, 0x0000000083100000|  0%| F|  |TAMS 0x0000000083000000, 0x0000000083000000| Untracked 
|  49|0x0000000083100000, 0x0000000083100000, 0x0000000083200000|  0%| F|  |TAMS 0x0000000083100000, 0x0000000083100000| Untracked 
|  50|0x0000000083200000, 0x0000000083200000, 0x0000000083300000|  0%| F|  |TAMS 0x0000000083200000, 0x0000000083200000| Untracked 
|  51|0x0000000083300000, 0x0000000083300000, 0x0000000083400000|  0%| F|  |TAMS 0x0000000083300000, 0x0000000083300000| Untracked 
|  52|0x0000000083400000, 0x0000000083400000, 0x0000000083500000|  0%| F|  |TAMS 0x0000000083400000, 0x0000000083400000| Untracked 
|  53|0x0000000083500000, 0x0000000083500000, 0x0000000083600000|  0%| F|  |TAMS 0x0000000083500000, 0x0000000083500000| Untracked 
|  54|0x0000000083600000, 0x0000000083600000, 0x0000000083700000|  0%| F|  |TAMS 0x0000000083600000, 0x0000000083600000| Untracked 
|  55|0x0000000083700000, 0x0000000083700000, 0x0000000083800000|  0%| F|  |TAMS 0x0000000083700000, 0x0000000083700000| Untracked 
|  56|0x0000000083800000, 0x0000000083800000, 0x0000000083900000|  0%| F|  |TAMS 0x0000000083800000, 0x0000000083800000| Untracked 
|  57|0x0000000083900000, 0x0000000083900000, 0x0000000083a00000|  0%| F|  |TAMS 0x0000000083900000, 0x0000000083900000| Untracked 
|  58|0x0000000083a00000, 0x0000000083a00000, 0x0000000083b00000|  0%| F|  |TAMS 0x0000000083a00000, 0x0000000083a00000| Untracked 
|  59|0x0000000083b00000, 0x0000000083b00000, 0x0000000083c00000|  0%| F|  |TAMS 0x0000000083b00000, 0x0000000083b00000| Untracked 
|  60|0x0000000083c00000, 0x0000000083c00000, 0x0000000083d00000|  0%| F|  |TAMS 0x0000000083c00000, 0x0000000083c00000| Untracked 
|  61|0x0000000083d00000, 0x0000000083d00000, 0x0000000083e00000|  0%| F|  |TAMS 0x0000000083d00000, 0x0000000083d00000| Untracked 
|  62|0x0000000083e00000, 0x0000000083e00000, 0x0000000083f00000|  0%| F|  |TAMS 0x0000000083e00000, 0x0000000083e00000| Untracked 
|  63|0x0000000083f00000, 0x0000000083f00000, 0x0000000084000000|  0%| F|  |TAMS 0x0000000083f00000, 0x0000000083f00000| Untracked 
|  64|0x0000000084000000, 0x0000000084000000, 0x0000000084100000|  0%| F|  |TAMS 0x0000000084000000, 0x0000000084000000| Untracked 
|  65|0x0000000084100000, 0x0000000084100000, 0x0000000084200000|  0%| F|  |TAMS 0x0000000084100000, 0x0000000084100000| Untracked 
|  66|0x0000000084200000, 0x0000000084200000, 0x0000000084300000|  0%| F|  |TAMS 0x0000000084200000, 0x0000000084200000| Untracked 
|  67|0x0000000084300000, 0x0000000084300000, 0x0000000084400000|  0%| F|  |TAMS 0x0000000084300000, 0x0000000084300000| Untracked 
|  68|0x0000000084400000, 0x0000000084400000, 0x0000000084500000|  0%| F|  |TAMS 0x0000000084400000, 0x0000000084400000| Untracked 
|  69|0x0000000084500000, 0x0000000084500000, 0x0000000084600000|  0%| F|  |TAMS 0x0000000084500000, 0x0000000084500000| Untracked 
|  70|0x0000000084600000, 0x0000000084600000, 0x0000000084700000|  0%| F|  |TAMS 0x0000000084600000, 0x0000000084600000| Untracked 
|  71|0x0000000084700000, 0x0000000084700000, 0x0000000084800000|  0%| F|  |TAMS 0x0000000084700000, 0x0000000084700000| Untracked 
|  72|0x0000000084800000, 0x0000000084800000, 0x0000000084900000|  0%| F|  |TAMS 0x0000000084800000, 0x0000000084800000| Untracked 
|  73|0x0000000084900000, 0x0000000084900000, 0x0000000084a00000|  0%| F|  |TAMS 0x0000000084900000, 0x0000000084900000| Untracked 
|  74|0x0000000084a00000, 0x0000000084a00000, 0x0000000084b00000|  0%| F|  |TAMS 0x0000000084a00000, 0x0000000084a00000| Untracked 
|  75|0x0000000084b00000, 0x0000000084b00000, 0x0000000084c00000|  0%| F|  |TAMS 0x0000000084b00000, 0x0000000084b00000| Untracked 
|  76|0x0000000084c00000, 0x0000000084c00000, 0x0000000084d00000|  0%| F|  |TAMS 0x0000000084c00000, 0x0000000084c00000| Untracked 
|  77|0x0000000084d00000, 0x0000000084d00000, 0x0000000084e00000|  0%| F|  |TAMS 0x0000000084d00000, 0x0000000084d00000| Untracked 
|  78|0x0000000084e00000, 0x0000000084e00000, 0x0000000084f00000|  0%| F|  |TAMS 0x0000000084e00000, 0x0000000084e00000| Untracked 
|  79|0x0000000084f00000, 0x0000000084f00000, 0x0000000085000000|  0%| F|  |TAMS 0x0000000084f00000, 0x0000000084f00000| Untracked 
|  80|0x0000000085000000, 0x0000000085000000, 0x0000000085100000|  0%| F|  |TAMS 0x0000000085000000, 0x0000000085000000| Untracked 
|  81|0x0000000085100000, 0x0000000085100000, 0x0000000085200000|  0%| F|  |TAMS 0x0000000085100000, 0x0000000085100000| Untracked 
|  82|0x0000000085200000, 0x0000000085200000, 0x0000000085300000|  0%| F|  |TAMS 0x0000000085200000, 0x0000000085200000| Untracked 
|  83|0x0000000085300000, 0x0000000085300000, 0x0000000085400000|  0%| F|  |TAMS 0x0000000085300000, 0x0000000085300000| Untracked 
|  84|0x0000000085400000, 0x0000000085400000, 0x0000000085500000|  0%| F|  |TAMS 0x0000000085400000, 0x0000000085400000| Untracked 
|  85|0x0000000085500000, 0x0000000085500000, 0x0000000085600000|  0%| F|  |TAMS 0x0000000085500000, 0x0000000085500000| Untracked 
|  86|0x0000000085600000, 0x0000000085600000, 0x0000000085700000|  0%| F|  |TAMS 0x0000000085600000, 0x0000000085600000| Untracked 
|  87|0x0000000085700000, 0x0000000085700000, 0x0000000085800000|  0%| F|  |TAMS 0x0000000085700000, 0x0000000085700000| Untracked 
|  88|0x0000000085800000, 0x0000000085800000, 0x0000000085900000|  0%| F|  |TAMS 0x0000000085800000, 0x0000000085800000| Untracked 
|  89|0x0000000085900000, 0x0000000085900000, 0x0000000085a00000|  0%| F|  |TAMS 0x0000000085900000, 0x0000000085900000| Untracked 
|  90|0x0000000085a00000, 0x0000000085a00000, 0x0000000085b00000|  0%| F|  |TAMS 0x0000000085a00000, 0x0000000085a00000| Untracked 
|  91|0x0000000085b00000, 0x0000000085b00000, 0x0000000085c00000|  0%| F|  |TAMS 0x0000000085b00000, 0x0000000085b00000| Untracked 
|  92|0x0000000085c00000, 0x0000000085c00000, 0x0000000085d00000|  0%| F|  |TAMS 0x0000000085c00000, 0x0000000085c00000| Untracked 
|  93|0x0000000085d00000, 0x0000000085d00000, 0x0000000085e00000|  0%| F|  |TAMS 0x0000000085d00000, 0x0000000085d00000| Untracked 
|  94|0x0000000085e00000, 0x0000000085e00000, 0x0000000085f00000|  0%| F|  |TAMS 0x0000000085e00000, 0x0000000085e00000| Untracked 
|  95|0x0000000085f00000, 0x0000000085f00000, 0x0000000086000000|  0%| F|  |TAMS 0x0000000085f00000, 0x0000000085f00000| Untracked 
|  96|0x0000000086000000, 0x0000000086000000, 0x0000000086100000|  0%| F|  |TAMS 0x0000000086000000, 0x0000000086000000| Untracked 
|  97|0x0000000086100000, 0x0000000086100000, 0x0000000086200000|  0%| F|  |TAMS 0x0000000086100000, 0x0000000086100000| Untracked 
|  98|0x0000000086200000, 0x0000000086200000, 0x0000000086300000|  0%| F|  |TAMS 0x0000000086200000, 0x0000000086200000| Untracked 
|  99|0x0000000086300000, 0x0000000086300000, 0x0000000086400000|  0%| F|  |TAMS 0x0000000086300000, 0x0000000086300000| Untracked 
| 100|0x0000000086400000, 0x0000000086400000, 0x0000000086500000|  0%| F|  |TAMS 0x0000000086400000, 0x0000000086400000| Untracked 
| 101|0x0000000086500000, 0x0000000086500000, 0x0000000086600000|  0%| F|  |TAMS 0x0000000086500000, 0x0000000086500000| Untracked 
| 102|0x0000000086600000, 0x0000000086600000, 0x0000000086700000|  0%| F|  |TAMS 0x0000000086600000, 0x0000000086600000| Untracked 
| 103|0x0000000086700000, 0x0000000086700000, 0x0000000086800000|  0%| F|  |TAMS 0x0000000086700000, 0x0000000086700000| Untracked 
| 104|0x0000000086800000, 0x0000000086800000, 0x0000000086900000|  0%| F|  |TAMS 0x0000000086800000, 0x0000000086800000| Untracked 
| 105|0x0000000086900000, 0x0000000086900000, 0x0000000086a00000|  0%| F|  |TAMS 0x0000000086900000, 0x0000000086900000| Untracked 
| 106|0x0000000086a00000, 0x0000000086a00000, 0x0000000086b00000|  0%| F|  |TAMS 0x0000000086a00000, 0x0000000086a00000| Untracked 
| 107|0x0000000086b00000, 0x0000000086b00000, 0x0000000086c00000|  0%| F|  |TAMS 0x0000000086b00000, 0x0000000086b00000| Untracked 
| 108|0x0000000086c00000, 0x0000000086c00000, 0x0000000086d00000|  0%| F|  |TAMS 0x0000000086c00000, 0x0000000086c00000| Untracked 
| 109|0x0000000086d00000, 0x0000000086d00000, 0x0000000086e00000|  0%| F|  |TAMS 0x0000000086d00000, 0x0000000086d00000| Untracked 
| 110|0x0000000086e00000, 0x0000000086e00000, 0x0000000086f00000|  0%| F|  |TAMS 0x0000000086e00000, 0x0000000086e00000| Untracked 
| 111|0x0000000086f00000, 0x0000000086f00000, 0x0000000087000000|  0%| F|  |TAMS 0x0000000086f00000, 0x0000000086f00000| Untracked 
| 112|0x0000000087000000, 0x0000000087000000, 0x0000000087100000|  0%| F|  |TAMS 0x0000000087000000, 0x0000000087000000| Untracked 
| 113|0x0000000087100000, 0x0000000087100000, 0x0000000087200000|  0%| F|  |TAMS 0x0000000087100000, 0x0000000087100000| Untracked 
| 114|0x0000000087200000, 0x0000000087200000, 0x0000000087300000|  0%| F|  |TAMS 0x0000000087200000, 0x0000000087200000| Untracked 
| 115|0x0000000087300000, 0x0000000087300000, 0x0000000087400000|  0%| F|  |TAMS 0x0000000087300000, 0x0000000087300000| Untracked 
| 116|0x0000000087400000, 0x0000000087400000, 0x0000000087500000|  0%| F|  |TAMS 0x0000000087400000, 0x0000000087400000| Untracked 
| 117|0x0000000087500000, 0x0000000087500000, 0x0000000087600000|  0%| F|  |TAMS 0x0000000087500000, 0x0000000087500000| Untracked 
| 118|0x0000000087600000, 0x0000000087600000, 0x0000000087700000|  0%| F|  |TAMS 0x0000000087600000, 0x0000000087600000| Untracked 
| 119|0x0000000087700000, 0x0000000087700000, 0x0000000087800000|  0%| F|  |TAMS 0x0000000087700000, 0x0000000087700000| Untracked 
| 120|0x0000000087800000, 0x0000000087800000, 0x0000000087900000|  0%| F|  |TAMS 0x0000000087800000, 0x0000000087800000| Untracked 
| 121|0x0000000087900000, 0x0000000087900000, 0x0000000087a00000|  0%| F|  |TAMS 0x0000000087900000, 0x0000000087900000| Untracked 
| 122|0x0000000087a00000, 0x0000000087a00000, 0x0000000087b00000|  0%| F|  |TAMS 0x0000000087a00000, 0x0000000087a00000| Untracked 
| 123|0x0000000087b00000, 0x0000000087b00000, 0x0000000087c00000|  0%| F|  |TAMS 0x0000000087b00000, 0x0000000087b00000| Untracked 
| 124|0x0000000087c00000, 0x0000000087c00000, 0x0000000087d00000|  0%| F|  |TAMS 0x0000000087c00000, 0x0000000087c00000| Untracked 
| 125|0x0000000087d00000, 0x0000000087d00000, 0x0000000087e00000|  0%| F|  |TAMS 0x0000000087d00000, 0x0000000087d00000| Untracked 
| 126|0x0000000087e00000, 0x0000000087e00000, 0x0000000087f00000|  0%| F|  |TAMS 0x0000000087e00000, 0x0000000087e00000| Untracked 
| 127|0x0000000087f00000, 0x0000000087f00000, 0x0000000088000000|  0%| F|  |TAMS 0x0000000087f00000, 0x0000000087f00000| Untracked 
| 128|0x0000000088000000, 0x0000000088000000, 0x0000000088100000|  0%| F|  |TAMS 0x0000000088000000, 0x0000000088000000| Untracked 
| 129|0x0000000088100000, 0x0000000088100000, 0x0000000088200000|  0%| F|  |TAMS 0x0000000088100000, 0x0000000088100000| Untracked 
| 130|0x0000000088200000, 0x0000000088200000, 0x0000000088300000|  0%| F|  |TAMS 0x0000000088200000, 0x0000000088200000| Untracked 
| 131|0x0000000088300000, 0x0000000088300000, 0x0000000088400000|  0%| F|  |TAMS 0x0000000088300000, 0x0000000088300000| Untracked 
| 132|0x0000000088400000, 0x0000000088400000, 0x0000000088500000|  0%| F|  |TAMS 0x0000000088400000, 0x0000000088400000| Untracked 
| 133|0x0000000088500000, 0x0000000088500000, 0x0000000088600000|  0%| F|  |TAMS 0x0000000088500000, 0x0000000088500000| Untracked 
| 134|0x0000000088600000, 0x0000000088600000, 0x0000000088700000|  0%| F|  |TAMS 0x0000000088600000, 0x0000000088600000| Untracked 
| 135|0x0000000088700000, 0x0000000088700000, 0x0000000088800000|  0%| F|  |TAMS 0x0000000088700000, 0x0000000088700000| Untracked 
| 136|0x0000000088800000, 0x0000000088800000, 0x0000000088900000|  0%| F|  |TAMS 0x0000000088800000, 0x0000000088800000| Untracked 
| 137|0x0000000088900000, 0x0000000088900000, 0x0000000088a00000|  0%| F|  |TAMS 0x0000000088900000, 0x0000000088900000| Untracked 
| 138|0x0000000088a00000, 0x0000000088a00000, 0x0000000088b00000|  0%| F|  |TAMS 0x0000000088a00000, 0x0000000088a00000| Untracked 
| 139|0x0000000088b00000, 0x0000000088b00000, 0x0000000088c00000|  0%| F|  |TAMS 0x0000000088b00000, 0x0000000088b00000| Untracked 
| 140|0x0000000088c00000, 0x0000000088c00000, 0x0000000088d00000|  0%| F|  |TAMS 0x0000000088c00000, 0x0000000088c00000| Untracked 
| 141|0x0000000088d00000, 0x0000000088d00000, 0x0000000088e00000|  0%| F|  |TAMS 0x0000000088d00000, 0x0000000088d00000| Untracked 
| 142|0x0000000088e00000, 0x0000000088e00000, 0x0000000088f00000|  0%| F|  |TAMS 0x0000000088e00000, 0x0000000088e00000| Untracked 
| 143|0x0000000088f00000, 0x0000000088f00000, 0x0000000089000000|  0%| F|  |TAMS 0x0000000088f00000, 0x0000000088f00000| Untracked 
| 144|0x0000000089000000, 0x0000000089000000, 0x0000000089100000|  0%| F|  |TAMS 0x0000000089000000, 0x0000000089000000| Untracked 
| 145|0x0000000089100000, 0x0000000089100000, 0x0000000089200000|  0%| F|  |TAMS 0x0000000089100000, 0x0000000089100000| Untracked 
| 146|0x0000000089200000, 0x0000000089200000, 0x0000000089300000|  0%| F|  |TAMS 0x0000000089200000, 0x0000000089200000| Untracked 
| 147|0x0000000089300000, 0x0000000089300000, 0x0000000089400000|  0%| F|  |TAMS 0x0000000089300000, 0x0000000089300000| Untracked 
| 148|0x0000000089400000, 0x00000000894dde20, 0x0000000089500000| 86%| S|CS|TAMS 0x0000000089400000, 0x0000000089400000| Complete 
| 149|0x0000000089500000, 0x0000000089600000, 0x0000000089600000|100%| S|CS|TAMS 0x0000000089500000, 0x0000000089500000| Complete 
| 150|0x0000000089600000, 0x0000000089700000, 0x0000000089700000|100%| S|CS|TAMS 0x0000000089600000, 0x0000000089600000| Complete 
| 151|0x0000000089700000, 0x0000000089700000, 0x0000000089800000|  0%| F|  |TAMS 0x0000000089700000, 0x0000000089700000| Untracked 
| 152|0x0000000089800000, 0x0000000089800000, 0x0000000089900000|  0%| F|  |TAMS 0x0000000089800000, 0x0000000089800000| Untracked 
| 153|0x0000000089900000, 0x0000000089900000, 0x0000000089a00000|  0%| F|  |TAMS 0x0000000089900000, 0x0000000089900000| Untracked 
| 154|0x0000000089a00000, 0x0000000089a00000, 0x0000000089b00000|  0%| F|  |TAMS 0x0000000089a00000, 0x0000000089a00000| Untracked 
| 155|0x0000000089b00000, 0x0000000089b00000, 0x0000000089c00000|  0%| F|  |TAMS 0x0000000089b00000, 0x0000000089b00000| Untracked 
| 156|0x0000000089c00000, 0x0000000089c00000, 0x0000000089d00000|  0%| F|  |TAMS 0x0000000089c00000, 0x0000000089c00000| Untracked 
| 157|0x0000000089d00000, 0x0000000089d00000, 0x0000000089e00000|  0%| F|  |TAMS 0x0000000089d00000, 0x0000000089d00000| Untracked 
| 158|0x0000000089e00000, 0x0000000089e00000, 0x0000000089f00000|  0%| F|  |TAMS 0x0000000089e00000, 0x0000000089e00000| Untracked 
| 159|0x0000000089f00000, 0x0000000089f00000, 0x000000008a000000|  0%| F|  |TAMS 0x0000000089f00000, 0x0000000089f00000| Untracked 
| 160|0x000000008a000000, 0x000000008a000000, 0x000000008a100000|  0%| F|  |TAMS 0x000000008a000000, 0x000000008a000000| Untracked 
| 161|0x000000008a100000, 0x000000008a100000, 0x000000008a200000|  0%| F|  |TAMS 0x000000008a100000, 0x000000008a100000| Untracked 
| 162|0x000000008a200000, 0x000000008a200000, 0x000000008a300000|  0%| F|  |TAMS 0x000000008a200000, 0x000000008a200000| Untracked 
| 163|0x000000008a300000, 0x000000008a300000, 0x000000008a400000|  0%| F|  |TAMS 0x000000008a300000, 0x000000008a300000| Untracked 
| 164|0x000000008a400000, 0x000000008a400000, 0x000000008a500000|  0%| F|  |TAMS 0x000000008a400000, 0x000000008a400000| Untracked 
| 165|0x000000008a500000, 0x000000008a500000, 0x000000008a600000|  0%| F|  |TAMS 0x000000008a500000, 0x000000008a500000| Untracked 

Card table byte_map: [0x00000228372c0000,0x00000228376c0000] _byte_map_base: 0x0000022836ec0000

Marking Bits (Prev, Next): (CMBitMap*) 0x000002281ecec458, (CMBitMap*) 0x000002281ecec490
 Prev Bits: [0x0000022837ac0000, 0x0000022839ac0000)
 Next Bits: [0x0000022839ac0000, 0x000002283bac0000)

Polling page: 0x000002281ed90000

Metaspace:

Usage:
  Non-class:     17.50 MB capacity,    17.25 MB ( 99%) used,   198.34 KB (  1%) free+waste,    59.50 KB ( <1%) overhead. 
      Class:      2.51 MB capacity,     2.28 MB ( 91%) used,   210.43 KB (  8%) free+waste,    31.81 KB (  1%) overhead. 
       Both:     20.01 MB capacity,    19.53 MB ( 98%) used,   408.77 KB (  2%) free+waste,    91.31 KB ( <1%) overhead. 

Virtual space:
  Non-class space:       26.00 MB reserved,      17.50 MB ( 67%) committed 
      Class space:        1.00 GB reserved,       2.63 MB ( <1%) committed 
             Both:        1.03 GB reserved,      20.13 MB (  2%) committed 

Chunk freelists:
   Non-Class:  0 bytes
       Class:  2.13 KB
        Both:  2.13 KB

CodeHeap 'non-profiled nmethods': size=239488Kb used=2440Kb max_used=2440Kb free=237047Kb
 bounds [0x00000228280e0000, 0x0000022828350000, 0x0000022836ac0000]
CodeHeap 'non-nmethods': size=6272Kb used=1123Kb max_used=1123Kb free=5148Kb
 bounds [0x0000022827ac0000, 0x0000022827d30000, 0x00000228280e0000]
 total_blobs=2168 nmethods=1748 adapters=346
 compilation: enabled
              stopped_count=0, restarted_count=0
 full_count=0

Compilation events (10 events):
Event: 1.333 Thread 0x000002283defd800 1744       1       org.springframework.util.AntPathMatcher::matchStrings (11 bytes)
Event: 1.333 Thread 0x000002283defd800 nmethod 1744 0x000002282833f910 code [0x000002282833fac0, 0x000002282833fbd8]
Event: 1.333 Thread 0x000002283defd800 1745       1       org.springframework.util.AntPathMatcher::getStringMatcher (98 bytes)
Event: 1.334 Thread 0x000002283defd800 nmethod 1745 0x000002282833fd10 code [0x000002282833ff00, 0x0000022828340298]
Event: 1.334 Thread 0x000002283defd800 1746       1       org.springframework.util.AntPathMatcher$AntPathStringMatcher::matchStrings (214 bytes)
Event: 1.335 Thread 0x000002283defd800 nmethod 1746 0x0000022828340490 code [0x0000022828340780, 0x00000228283410e8]
Event: 1.336 Thread 0x000002283defd800 1747       1       java.util.Objects::checkFromIndexSize (8 bytes)
Event: 1.336 Thread 0x000002283defd800 nmethod 1747 0x0000022828341710 code [0x00000228283418a0, 0x00000228283419a8]
Event: 1.336 Thread 0x000002283defd800 1748       1       jdk.internal.util.Preconditions::checkFromIndexSize (25 bytes)
Event: 1.337 Thread 0x000002283defd800 nmethod 1748 0x0000022828341a90 code [0x0000022828341c80, 0x00000228283420d8]

GC Heap History (10 events):
Event: 0.431 GC heap before
{Heap before GC invocations=1 (full 0):
 garbage-first heap   total 131072K, used 9001K [0x0000000080000000, 0x0000000100000000)
  region size 1024K, 6 young (6144K), 1 survivors (1024K)
 Metaspace       used 8153K, capacity 8259K, committed 8576K, reserved 1056768K
  class space    used 741K, capacity 795K, committed 896K, reserved 1048576K
}
Event: 0.435 GC heap after
{Heap after GC invocations=2 (full 0):
 garbage-first heap   total 131072K, used 5885K [0x0000000080000000, 0x0000000100000000)
  region size 1024K, 1 young (1024K), 1 survivors (1024K)
 Metaspace       used 8153K, capacity 8259K, committed 8576K, reserved 1056768K
  class space    used 741K, capacity 795K, committed 896K, reserved 1048576K
}
Event: 0.623 GC heap before
{Heap before GC invocations=2 (full 0):
 garbage-first heap   total 131072K, used 17149K [0x0000000080000000, 0x0000000100000000)
  region size 1024K, 12 young (12288K), 1 survivors (1024K)
 Metaspace       used 10532K, capacity 10780K, committed 11008K, reserved 1058816K
  class space    used 1078K, capacity 1178K, committed 1280K, reserved 1048576K
}
Event: 0.628 GC heap after
{Heap after GC invocations=3 (full 0):
 garbage-first heap   total 131072K, used 6500K [0x0000000080000000, 0x0000000100000000)
  region size 1024K, 2 young (2048K), 2 survivors (2048K)
 Metaspace       used 10532K, capacity 10780K, committed 11008K, reserved 1058816K
  class space    used 1078K, capacity 1178K, committed 1280K, reserved 1048576K
}
Event: 0.837 GC heap before
{Heap before GC invocations=3 (full 0):
 garbage-first heap   total 131072K, used 22884K [0x0000000080000000, 0x0000000100000000)
  region size 1024K, 18 young (18432K), 2 survivors (2048K)
 Metaspace       used 13518K, capacity 13775K, committed 13952K, reserved 1060864K
  class space    used 1452K, capacity 1567K, committed 1664K, reserved 1048576K
}
Event: 0.843 GC heap after
{Heap after GC invocations=4 (full 0):
 garbage-first heap   total 131072K, used 7233K [0x0000000080000000, 0x0000000100000000)
  region size 1024K, 3 young (3072K), 3 survivors (3072K)
 Metaspace       used 13518K, capacity 13775K, committed 13952K, reserved 1060864K
  class space    used 1452K, capacity 1567K, committed 1664K, reserved 1048576K
}
Event: 1.144 GC heap before
{Heap before GC invocations=4 (full 0):
 garbage-first heap   total 131072K, used 32833K [0x0000000080000000, 0x0000000100000000)
  region size 1024K, 28 young (28672K), 3 survivors (3072K)
 Metaspace       used 17876K, capacity 18338K, committed 18432K, reserved 1064960K
  class space    used 2024K, capacity 2253K, committed 2304K, reserved 1048576K
}
Event: 1.154 GC heap after
{Heap after GC invocations=5 (full 0):
 garbage-first heap   total 169984K, used 8263K [0x0000000080000000, 0x0000000100000000)
  region size 1024K, 3 young (3072K), 3 survivors (3072K)
 Metaspace       used 17876K, capacity 18338K, committed 18432K, reserved 1064960K
  class space    used 2024K, capacity 2253K, committed 2304K, reserved 1048576K
}
Event: 1.339 GC heap before
{Heap before GC invocations=5 (full 0):
 garbage-first heap   total 169984K, used 22599K [0x0000000080000000, 0x0000000100000000)
  region size 1024K, 18 young (18432K), 3 survivors (3072K)
 Metaspace       used 19994K, capacity 20495K, committed 20608K, reserved 1073152K
  class space    used 2332K, capacity 2575K, committed 2688K, reserved 1048576K
}
Event: 1.348 GC heap after
{Heap after GC invocations=6 (full 0):
 garbage-first heap   total 169984K, used 8758K [0x0000000080000000, 0x0000000100000000)
  region size 1024K, 3 young (3072K), 3 survivors (3072K)
 Metaspace       used 19994K, capacity 20495K, committed 20608K, reserved 1073152K
  class space    used 2332K, capacity 2575K, committed 2688K, reserved 1048576K
}

Deoptimization events (0 events):
No events

Classes redefined (0 events):
No events

Internal exceptions (10 events):
Event: 1.307 Thread 0x000002281ecaf800 Exception <a 'java/lang/ClassNotFoundException'{0x0000000089af54a8}: org/springframework/core/PriorityOrderedCustomizer> (0x0000000089af54a8) thrown at [./open/src/hotspot/share/classfile/systemDictionary.cpp, line 227]
Event: 1.307 Thread 0x000002281ecaf800 Exception <a 'java/lang/ClassNotFoundException'{0x00000000899051b0}: org/springframework/core/OrderedCustomizer> (0x00000000899051b0) thrown at [./open/src/hotspot/share/classfile/systemDictionary.cpp, line 227]
Event: 1.308 Thread 0x000002281ecaf800 Exception <a 'java/lang/ClassNotFoundException'{0x0000000089917670}: org/springframework/context/ResourceLoaderAwareCustomizer> (0x0000000089917670) thrown at [./open/src/hotspot/share/classfile/systemDictionary.cpp, line 227]
Event: 1.308 Thread 0x000002281ecaf800 Exception <a 'java/lang/ClassNotFoundException'{0x0000000089928d58}: org/springframework/beans/factory/AwareCustomizer> (0x0000000089928d58) thrown at [./open/src/hotspot/share/classfile/systemDictionary.cpp, line 227]
Event: 1.309 Thread 0x000002281ecaf800 Exception <a 'java/lang/ClassNotFoundException'{0x000000008993abf8}: org/springframework/context/ApplicationStartupAwareCustomizer> (0x000000008993abf8) thrown at [./open/src/hotspot/share/classfile/systemDictionary.cpp, line 227]
Event: 1.309 Thread 0x000002281ecaf800 Exception <a 'java/lang/ClassNotFoundException'{0x000000008994c558}: org/springframework/beans/factory/AwareCustomizer> (0x000000008994c558) thrown at [./open/src/hotspot/share/classfile/systemDictionary.cpp, line 227]
Event: 1.310 Thread 0x000002281ecaf800 Exception <a 'java/lang/ClassNotFoundException'{0x000000008995ea60}: org/springframework/beans/factory/BeanClassLoaderAwareCustomizer> (0x000000008995ea60) thrown at [./open/src/hotspot/share/classfile/systemDictionary.cpp, line 227]
Event: 1.310 Thread 0x000002281ecaf800 Exception <a 'java/lang/ClassNotFoundException'{0x0000000089970160}: org/springframework/beans/factory/AwareCustomizer> (0x0000000089970160) thrown at [./open/src/hotspot/share/classfile/systemDictionary.cpp, line 227]
Event: 1.310 Thread 0x000002281ecaf800 Exception <a 'java/lang/ClassNotFoundException'{0x00000000899815a8}: org/springframework/context/EnvironmentAwareCustomizer> (0x00000000899815a8) thrown at [./open/src/hotspot/share/classfile/systemDictionary.cpp, line 227]
Event: 1.311 Thread 0x000002281ecaf800 Exception <a 'java/lang/ClassNotFoundException'{0x0000000089992c20}: org/springframework/beans/factory/AwareCustomizer> (0x0000000089992c20) thrown at [./open/src/hotspot/share/classfile/systemDictionary.cpp, line 227]

Events (10 events):
Event: 1.337 loading class org/springframework/core/type/classreading/SimpleAnnotationMetadataReadingVisitor$Source done
Event: 1.337 loading class org/springframework/core/annotation/MergedAnnotation
Event: 1.337 loading class org/springframework/core/annotation/MergedAnnotation done
Event: 1.338 loading class org/springframework/core/type/classreading/MergedAnnotationReadingVisitor
Event: 1.338 loading class org/springframework/core/type/classreading/MergedAnnotationReadingVisitor done
Event: 1.338 loading class org/springframework/asm/AnnotationVisitor
Event: 1.338 loading class org/springframework/asm/AnnotationVisitor done
Event: 1.338 loading class org/springframework/asm/Type
Event: 1.338 loading class org/springframework/asm/Type done
Event: 1.339 Executing VM operation: CollectForMetadataAllocation


Dynamic libraries:
0x00007ff6e7210000 - 0x00007ff6e721f000 	C:\Program Files\Java\jdk-11.0.13\bin\java.exe
0x00007ffdb5070000 - 0x00007ffdb5265000 	C:\Windows\SYSTEM32\ntdll.dll
0x00007ffdb4180000 - 0x00007ffdb423d000 	C:\Windows\System32\KERNEL32.DLL
0x00007ffdb2cc0000 - 0x00007ffdb2f8d000 	C:\Windows\System32\KERNELBASE.dll
0x00007ffdb2af0000 - 0x00007ffdb2bf0000 	C:\Windows\System32\ucrtbase.dll
0x00007ffd9b4f0000 - 0x00007ffd9b508000 	C:\Program Files\Java\jdk-11.0.13\bin\jli.dll
0x00007ffdb3160000 - 0x00007ffdb320e000 	C:\Windows\System32\ADVAPI32.dll
0x00007ffdb30c0000 - 0x00007ffdb315e000 	C:\Windows\System32\msvcrt.dll
0x00007ffdb3850000 - 0x00007ffdb38ec000 	C:\Windows\System32\sechost.dll
0x00007ffdb4460000 - 0x00007ffdb4585000 	C:\Windows\System32\RPCRT4.dll
0x00007ffdb4a60000 - 0x00007ffdb4c00000 	C:\Windows\System32\USER32.dll
0x00007ffdb2bf0000 - 0x00007ffdb2c12000 	C:\Windows\System32\win32u.dll
0x00007ffdb4610000 - 0x00007ffdb463a000 	C:\Windows\System32\GDI32.dll
0x00007ffdb2930000 - 0x00007ffdb2a3b000 	C:\Windows\System32\gdi32full.dll
0x00007ffdb3020000 - 0x00007ffdb30bd000 	C:\Windows\System32\msvcp_win.dll
0x00007ffd9b280000 - 0x00007ffd9b295000 	C:\Program Files\Java\jdk-11.0.13\bin\VCRUNTIME140.dll
0x00007ffd92ae0000 - 0x00007ffd92d7a000 	C:\Windows\WinSxS\amd64_microsoft.windows.common-controls_6595b64144ccf1df_6.0.19041.1110_none_60b5254171f9507e\COMCTL32.dll
0x00007ffdaac20000 - 0x00007ffdaac2a000 	C:\Windows\SYSTEM32\VERSION.dll
0x00007ffdb3210000 - 0x00007ffdb3240000 	C:\Windows\System32\IMM32.DLL
0x00007ffd881f0000 - 0x00007ffd8828b000 	C:\Program Files\Java\jdk-11.0.13\bin\msvcp140.dll
0x00007ffd7b280000 - 0x00007ffd7bd93000 	C:\Program Files\Java\jdk-11.0.13\bin\server\jvm.dll
0x00007ffdb4d40000 - 0x00007ffdb4d48000 	C:\Windows\System32\PSAPI.DLL
0x00007ffdae100000 - 0x00007ffdae109000 	C:\Windows\SYSTEM32\WSOCK32.dll
0x00007ffdb45a0000 - 0x00007ffdb460b000 	C:\Windows\System32\WS2_32.dll
0x00007ffd922a0000 - 0x00007ffd922c7000 	C:\Windows\SYSTEM32\WINMM.dll
0x00007ffdb0660000 - 0x00007ffdb0672000 	C:\Windows\SYSTEM32\kernel.appcore.dll
0x00007ffd9b730000 - 0x00007ffd9b740000 	C:\Program Files\Java\jdk-11.0.13\bin\verify.dll
0x00007ffda3030000 - 0x00007ffda3214000 	C:\Windows\SYSTEM32\DBGHELP.DLL
0x00007ffda4d80000 - 0x00007ffda4dac000 	C:\Windows\SYSTEM32\dbgcore.DLL
0x00007ffdb2f90000 - 0x00007ffdb3012000 	C:\Windows\System32\bcryptPrimitives.dll
0x00007ffd9b250000 - 0x00007ffd9b278000 	C:\Program Files\Java\jdk-11.0.13\bin\java.dll
0x00007ffd9b430000 - 0x00007ffd9b43a000 	C:\Program Files\Java\jdk-11.0.13\bin\jimage.dll
0x00007ffd972c0000 - 0x00007ffd972d6000 	C:\Program Files\Java\jdk-11.0.13\bin\zip.dll
0x00007ffdb3980000 - 0x00007ffdb40c4000 	C:\Windows\System32\SHELL32.dll
0x00007ffdb0860000 - 0x00007ffdb0ff4000 	C:\Windows\SYSTEM32\windows.storage.dll
0x00007ffdb4640000 - 0x00007ffdb4994000 	C:\Windows\System32\combase.dll
0x00007ffdb2030000 - 0x00007ffdb205c000 	C:\Windows\SYSTEM32\Wldp.dll
0x00007ffdb40d0000 - 0x00007ffdb417d000 	C:\Windows\System32\SHCORE.dll
0x00007ffdb3370000 - 0x00007ffdb33c5000 	C:\Windows\System32\shlwapi.dll
0x00007ffdb26c0000 - 0x00007ffdb26df000 	C:\Windows\SYSTEM32\profapi.dll
0x00007ffd964f0000 - 0x00007ffd96509000 	C:\Program Files\Java\jdk-11.0.13\bin\net.dll
0x00007ffdaa4d0000 - 0x00007ffdaa5da000 	C:\Windows\SYSTEM32\WINHTTP.dll
0x00007ffdb1e10000 - 0x00007ffdb1e7a000 	C:\Windows\system32\mswsock.dll
0x00007ffd964d0000 - 0x00007ffd964e2000 	C:\Program Files\Java\jdk-11.0.13\bin\nio.dll
0x00007ffd9b220000 - 0x00007ffd9b229000 	C:\Program Files\Java\jdk-11.0.13\bin\management.dll
0x00007ffd9ae10000 - 0x00007ffd9ae1b000 	C:\Program Files\Java\jdk-11.0.13\bin\management_ext.dll
0x00007ffd99fa0000 - 0x00007ffd99fb7000 	C:\Windows\system32\napinsp.dll
0x00007ffd99f80000 - 0x00007ffd99f9b000 	C:\Windows\system32\pnrpnsp.dll
0x00007ffd99f60000 - 0x00007ffd99f75000 	C:\Windows\system32\wshbth.dll
0x00007ffdae000000 - 0x00007ffdae01d000 	C:\Windows\system32\NLAapi.dll
0x00007ffdb1b20000 - 0x00007ffdb1b5b000 	C:\Windows\SYSTEM32\IPHLPAPI.DLL
0x00007ffdb1b70000 - 0x00007ffdb1c3b000 	C:\Windows\SYSTEM32\DNSAPI.dll
0x00007ffdb4590000 - 0x00007ffdb4598000 	C:\Windows\System32\NSI.dll
0x00007ffd99f40000 - 0x00007ffd99f52000 	C:\Windows\System32\winrnr.dll
0x00007ffda9900000 - 0x00007ffda990a000 	C:\Windows\System32\rasadhlp.dll
0x00007ffda9bb0000 - 0x00007ffda9c30000 	C:\Windows\System32\fwpuclnt.dll
0x00007ffdb2c90000 - 0x00007ffdb2cb7000 	C:\Windows\System32\bcrypt.dll

dbghelp: loaded successfully - version: 4.0.5 - missing functions: none
symbol engine: initialized successfully - sym options: 0x614 - pdb path: .;C:\Program Files\Java\jdk-11.0.13\bin;C:\Windows\SYSTEM32;C:\Windows\WinSxS\amd64_microsoft.windows.common-controls_6595b64144ccf1df_6.0.19041.1110_none_60b5254171f9507e;C:\Program Files\Java\jdk-11.0.13\bin\server

VM Arguments:
jvm_args: -Xverify:none -XX:TieredStopAtLevel=1 
java_command: com.result_processor.data.ResultProcessorApp
java_class_path (initial): C:\cygwin64\home\sfjbs\exam-result-search-app-batch1-group2\exam-result-search-app\result-processor\target\classes;C:\Users\sfjbs\.m2\repository\ch\qos\logback\logback-classic\1.2.11\logback-classic-1.2.11.jar;C:\Users\sfjbs\.m2\repository\ch\qos\logback\logback-core\1.2.11\logback-core-1.2.11.jar;C:\Users\sfjbs\.m2\repository\org\apache\logging\log4j\log4j-to-slf4j\2.17.2\log4j-to-slf4j-2.17.2.jar;C:\Users\sfjbs\.m2\repository\org\apache\logging\log4j\log4j-api\2.17.2\log4j-api-2.17.2.jar;C:\Users\sfjbs\.m2\repository\org\slf4j\jul-to-slf4j\1.7.36\jul-to-slf4j-1.7.36.jar;C:\Users\sfjbs\.m2\repository\jakarta\annotation\jakarta.annotation-api\1.3.5\jakarta.annotation-api-1.3.5.jar;C:\Users\sfjbs\.m2\repository\org\yaml\snakeyaml\1.29\snakeyaml-1.29.jar;C:\Users\sfjbs\.m2\repository\org\springframework\spring-messaging\5.3.19\spring-messaging-5.3.19.jar;C:\Users\sfjbs\.m2\repository\org\springframework\spring-beans\5.3.19\spring-beans-5.3.19.jar;C:\Users\sfjbs\.m2\repository\org\springframework\amqp\spring-rabbit\2.4.4\spring-rabbit-2.4.4.jar;C:\Users\sfjbs\.m2\repository\org\springframework\amqp\spring-amqp\2.4.4\spring-amqp-2.4.4.jar;C:\Users\sfjbs\.m2\repository\org\springframework\retry\spring-retry\1.3.3\spring-retry-1.3.3.jar;C:\Users\sfjbs\.m2\repository\com\rabbitmq\amqp-client\5.13.1\amqp-client-5.13.1.jar;C:\Users\sfjbs\.m2\repository\org\springframework\spring-context\5.3.19\spring-context-5.3.19.jar;C:\Users\sfjbs\.m2\repository\org\springframework\spring-tx\5.3.19\spring-tx-5.3.19.jar;C:\Users\sfjbs\.m2\repository\org\aspectj\aspectjweaver\1.9.7\aspectjweaver-1.9.7.jar;C:\Users\sfjbs\.m2\repository\com\zaxxer\HikariCP\4.0.3\HikariCP-4.0.3.jar;C:\Users\sfjbs\.m2\repository\org\springframework\spring-jdbc\5.3.19\spring-jdbc-5.3.19.jar;C:\Users\sfjbs\.m2\repository\jakarta\transaction\jakarta.transaction-api\1.3.3\jakarta.transaction-api-1.3.3.jar;C:\Users\sfjbs\.m2\repository\jakarta\persistence\jakarta.persistence-api\2.2.3\ja
Launcher Type: SUN_STANDARD

[Global flags]
     bool BytecodeVerificationLocal                = false                                     {product} {command line}
     bool BytecodeVerificationRemote               = false                                     {product} {command line}
     intx CICompilerCount                          = 2                                         {product} {ergonomic}
     uint ConcGCThreads                            = 1                                         {product} {ergonomic}
     uint G1ConcRefinementThreads                  = 2                                         {product} {ergonomic}
   size_t G1HeapRegionSize                         = 1048576                                   {product} {ergonomic}
    uintx GCDrainStackTargetSize                   = 64                                        {product} {ergonomic}
   size_t InitialHeapSize                          = 134217728                                 {product} {ergonomic}
   size_t MarkStackSize                            = 4194304                                   {product} {ergonomic}
   size_t MaxHeapSize                              = 2147483648                                {product} {ergonomic}
   size_t MaxNewSize                               = 1287651328                                {product} {ergonomic}
   size_t MinHeapDeltaBytes                        = 1048576                                   {product} {ergonomic}
    uintx NonNMethodCodeHeapSize                   = 6396312                                {pd product} {ergonomic}
    uintx NonProfiledCodeHeapSize                  = 245261928                              {pd product} {ergonomic}
    uintx ProfiledCodeHeapSize                     = 0                                      {pd product} {ergonomic}
    uintx ReservedCodeCacheSize                    = 251658240                              {pd product} {ergonomic}
     bool SegmentedCodeCache                       = true                                      {product} {ergonomic}
     intx TieredStopAtLevel                        = 1                                         {product} {command line}
     bool UseCompressedClassPointers               = true                                 {lp64_product} {ergonomic}
     bool UseCompressedOops                        = true                                 {lp64_product} {ergonomic}
     bool UseG1GC                                  = true                                      {product} {ergonomic}
     bool UseLargePagesIndividualAllocation        = false                                  {pd product} {ergonomic}

Logging:
Log output configuration:
 #0: stdout all=warning uptime,level,tags
 #1: stderr all=off uptime,level,tags

Environment Variables:
PATH=C:\Program Files\Common Files\Oracle\Java\javapath;C:\Windows\system32;C:\Windows;C:\Windows\System32\Wbem;C:\Windows\System32\WindowsPowerShell\v1.0\;C:\Windows\System32\OpenSSH\;C:\Users\sfjbs\Downloads\javamicro-20220514T093935Z-001\javamicro\apache-maven-3.8.5-bin\apache-maven-3.8.5\bin;C:\Users\sfjbs\Downloads\javamicro-20220514T093935Z-001\javamicro\apache-maven-3.8.5-bin\apache-maven-3.8.5\lib;C:\Program Files\Docker\Docker\resources\bin;C:\ProgramData\DockerDesktop\version-bin;C:\Program Files\Git\cmd;C:\Users\sfjbs\AppData\Local\Microsoft\WindowsApps;C:\Users\sfjbs\Downloads\javamicro-20220514T093935Z-001\javamicro\apache-maven-3.8.5-bin\apache-maven-3.8.5\bin;C:\Users\sfjbs\Downloads\javamicro-20220514T093935Z-001\javamicro\apache-maven-3.8.5-bin\apache-maven-3.8.5\lib;;C:\Program Files\JetBrains\IntelliJ IDEA Community Edition 2021.3.3\bin;
USERNAME=sfjbs
OS=Windows_NT
PROCESSOR_IDENTIFIER=Intel64 Family 6 Model 85 Stepping 7, GenuineIntel



---------------  S Y S T E M  ---------------

OS: Windows 10 , 64 bit Build 19041 (10.0.19041.1706)
Hyper-V role detected

CPU:total 2 (initial active 2) (1 cores per cpu, 2 threads per core) family 6 model 85 stepping 7 microcode 0xffffffff, cmov, cx8, fxsr, mmx, sse, sse2, sse3, ssse3, sse4.1, sse4.2, popcnt, avx, avx2, aes, clmul, erms, rtm, 3dnowpref, lzcnt, ht, tsc, bmi1, bmi2, adx, evex, fma

Memory: 4k page, system-wide physical 8190M (842M free)
TotalPageFile size 10238M (AvailPageFile size 5M)
current process WorkingSet (physical memory assigned to process): 111M, peak: 111M
current process commit charge ("private bytes"): 255M, peak: 256M

vm_info: Java HotSpot(TM) 64-Bit Server VM (11.0.13+10-LTS-370) for windows-amd64 JRE (11.0.13+10-LTS-370), built on Sep 15 2021 22:10:36 by "mach5one" with MS VC++ 15.9 (VS2017)

END.
